<?xml version="1.0" encoding="utf-8"?><testsuites name="pytest tests"><testsuite name="pytest" errors="0" failures="2" skipped="1" tests="69" time="97.053" timestamp="2026-07-05T16:40:32.918074+00:00" hostname="agent-env-e07824f3-aa17-45a0-8353-b763530edfa6"><testcase classname="backend.tests.test_audit_fixes.TestSEC001CORS" name="test_untrusted_origin_not_reflected_by_fastapi" time="0.004" /><testcase classname="backend.tests.test_audit_fixes.TestSEC001CORS" name="test_trusted_prod_origin_allowed" time="0.003" /><testcase classname="backend.tests.test_audit_fixes.TestSEC001CORS" name="test_trusted_preview_origin_allowed" time="0.002" /><testcase classname="backend.tests.test_audit_fixes.TestSEC001CORS" name="test_arbitrary_preview_subdomain_no_longer_trusted" time="0.002" /><testcase classname="backend.tests.test_audit_fixes.TestSEC002MediaCapsCreate" name="test_too_many_photos_413" time="0.143" /><testcase classname="backend.tests.test_audit_fixes.TestSEC002MediaCapsCreate" name="test_photo_too_large_413" time="0.402" /><testcase classname="backend.tests.test_audit_fixes.TestSEC002MediaCapsCreate" name="test_too_many_videos_413" time="0.125" /><testcase classname="backend.tests.test_audit_fixes.TestSEC002MediaCapsCreate" name="test_video_too_large_413" time="0.312" /><testcase classname="backend.tests.test_audit_fixes.TestSEC002MediaCapsCreate" name="test_too_many_documents_413" time="0.112" /><testcase classname="backend.tests.test_audit_fixes.TestSEC002MediaCapsCreate" name="test_document_too_large_413" time="0.286"><skipped type="pytest.xfail" message="BUG: _validate_property_media uses len(doc) on a dict — checks key count, not size. Document oversize cap is not enforced." /></testcase><testcase classname="backend.tests.test_audit_fixes.TestSEC002MediaCapsUpdate" name="test_update_too_many_photos_413" time="0.232" /><testcase classname="backend.tests.test_audit_fixes.TestSEC002MediaCapsUpdate" name="test_update_video_too_large_413" time="0.297" /><testcase classname="backend.tests.test_audit_fixes.TestSEC002MediaCapsUpdate" name="test_update_document_too_many_413" time="0.093" /><testcase classname="backend.tests.test_audit_fixes.TestSEC002MediaCapsUpdate" name="test_update_valid_media_ok" time="0.096" /><testcase classname="backend.tests.test_audit_fixes.TestSEC003LegacyAuth" name="test_session_endpoint_returns_410" time="0.111" /><testcase classname="backend.tests.test_audit_fixes.TestSEC003LegacyAuth" name="test_google_endpoint_still_reachable" time="0.097" /><testcase classname="backend.tests.test_audit_fixes.TestSEC003LegacyAuth" name="test_auth_me_still_works" time="0.101" /><testcase classname="backend.tests.test_audit_fixes.TestReportRateLimit" name="test_report_rate_limit_kicks_in" time="4.756"><failure message="AssertionError: expected ≤9 accepted (cap=6, tolerate small race), got 12&#10;assert 12 &lt;= 9">E   AssertionError: expected ≤9 accepted (cap=6, tolerate small race), got 12
    assert 12 &lt;= 9</failure></testcase><testcase classname="backend.tests.test_audit_fixes.TestReportRateLimit" name="test_report_authenticated_rate_limit_per_user" time="66.156" /><testcase classname="backend.tests.test_audit_fixes.TestEmailVerifiedDefault" name="test_google_callback_rejects_unverified_email" time="0.000" /><testcase classname="backend.tests.test_audit_fixes.TestRegression" name="test_properties_list_has_x_total_count" time="0.340" /><testcase classname="backend.tests.test_audit_fixes.TestRegression" name="test_property_crud_flow" time="0.504" /><testcase classname="backend.tests.test_audit_fixes.TestRegression" name="test_admin_export_csv_formula_neutralized" time="0.121" /><testcase classname="backend.tests.test_audit_fixes.TestRegression" name="test_admin_export_xlsx_ok" time="0.138" /><testcase classname="backend.tests.test_audit_fixes.TestRegression" name="test_admin_moderation_still_works" time="0.109" /><testcase classname="backend.tests.test_audit_fixes.TestRegression" name="test_sec001_admin_escalation_still_blocked" time="0.093" /><testcase classname="backend.tests.test_audit_fixes.TestRegression" name="test_ai_chat_413_oversize" time="3.910" /><testcase classname="backend.tests.test_audit_fixes.TestRegression" name="test_favorites_endpoint" time="0.431" /><testcase classname="backend.tests.test_security_fixes.TestSEC001AdminEscalation" name="test_particulier_cannot_set_role_admin" time="0.190" /><testcase classname="backend.tests.test_security_fixes.TestSEC001AdminEscalation" name="test_particulier_can_set_non_admin_roles[particulier]" time="0.200" /><testcase classname="backend.tests.test_security_fixes.TestSEC001AdminEscalation" name="test_particulier_can_set_non_admin_roles[agence]" time="0.210" /><testcase classname="backend.tests.test_security_fixes.TestSEC001AdminEscalation" name="test_particulier_can_set_non_admin_roles[promoteur]" time="0.193" /><testcase classname="backend.tests.test_security_fixes.TestSEC001AdminEscalation" name="test_particulier_can_set_non_admin_roles[demarcheur]" time="0.194" /><testcase classname="backend.tests.test_security_fixes.TestSEC001AdminEscalation" name="test_admin_cannot_self_demote_via_profile" time="0.209" /><testcase classname="backend.tests.test_security_fixes.TestSEC003CORS" name="test_untrusted_origin_preflight_blocked_app_layer" time="0.002" /><testcase classname="backend.tests.test_security_fixes.TestSEC003CORS" name="test_trusted_origin_preflight_allowed_app_layer" time="0.002" /><testcase classname="backend.tests.test_security_fixes.TestSEC003CORS" name="test_edge_layer_still_wildcards" time="0.069" /><testcase classname="backend.tests.test_security_fixes.TestSEC004FormulaInjection" name="test_csv_export_neutralizes_formulas" time="0.203" /><testcase classname="backend.tests.test_security_fixes.TestSEC004FormulaInjection" name="test_xlsx_export_neutralizes_formulas" time="0.125" /><testcase classname="backend.tests.test_security_fixes.TestSEC005AIChat" name="test_rate_limit_triggers_429" time="4.369" /><testcase classname="backend.tests.test_security_fixes.TestSEC005AIChat" name="test_oversize_message_returns_413" time="2.122" /><testcase classname="backend.tests.test_security_fixes.TestSEC005AIChat" name="test_empty_message_returns_400" time="2.131" /><testcase classname="backend.tests.test_security_fixes.TestRegression" name="test_public_properties_list" time="0.592" /><testcase classname="backend.tests.test_security_fixes.TestRegression" name="test_admin_stats" time="0.107" /><testcase classname="backend.tests.test_security_fixes.TestRegression" name="test_admin_export_users_csv" time="0.108" /><testcase classname="backend.tests.test_security_fixes.TestRegression" name="test_admin_export_users_xlsx" time="0.118" /><testcase classname="backend.tests.test_security_fixes.TestRegression" name="test_admin_moderation_verify_flow" time="0.234" /><testcase classname="backend.tests.test_hardening.TestReports" name="test_report_anonymous_ok" time="0.375" /><testcase classname="backend.tests.test_hardening.TestReports" name="test_report_authenticated_ok" time="0.104"><failure message="AssertionError: {&quot;detail&quot;:&quot;Trop de signalements. Réessayez dans une minute.&quot;}&#10;assert 429 == 200&#10; +  where 429 = &lt;Response [429]&gt;.status_code">E   AssertionError: {"detail":"Trop de signalements. Réessayez dans une minute."}
    assert 429 == 200
     +  where 429 = &lt;Response [429]&gt;.status_code</failure></testcase><testcase classname="backend.tests.test_hardening.TestReports" name="test_report_missing_reason_400" time="0.125" /><testcase classname="backend.tests.test_hardening.TestReports" name="test_report_bad_property_404" time="0.099" /><testcase classname="backend.tests.test_hardening.TestReports" name="test_admin_list_reports" time="0.107" /><testcase classname="backend.tests.test_hardening.TestReports" name="test_admin_list_reports_requires_admin" time="0.108" /><testcase classname="backend.tests.test_hardening.TestReports" name="test_admin_update_report_status" time="0.312" /><testcase classname="backend.tests.test_hardening.TestReports" name="test_admin_update_report_invalid_status" time="0.204" /><testcase classname="backend.tests.test_hardening.TestPagination" name="test_limit_and_total_header" time="0.369" /><testcase classname="backend.tests.test_hardening.TestPagination" name="test_expose_headers" time="0.264" /><testcase classname="backend.tests.test_hardening.TestPagination" name="test_pagination_skip" time="0.468" /><testcase classname="backend.tests.test_hardening.TestGzip" name="test_gzip_encoding_applied" time="0.535" /><testcase classname="backend.tests.test_hardening.TestGzip" name="test_gzip_reduces_size" time="0.562" /><testcase classname="backend.tests.test_hardening.TestSecurityHeaders" name="test_hsts" time="0.092" /><testcase classname="backend.tests.test_hardening.TestSecurityHeaders" name="test_x_content_type_options" time="0.000" /><testcase classname="backend.tests.test_hardening.TestSecurityHeaders" name="test_x_frame_options" time="0.000" /><testcase classname="backend.tests.test_hardening.TestSecurityHeaders" name="test_referrer_policy" time="0.000" /><testcase classname="backend.tests.test_hardening.TestSecurityHeaders" name="test_permissions_policy" time="0.000" /><testcase classname="backend.tests.test_hardening.TestRegression" name="test_admin_verify_property_whatsapp" time="0.246" /><testcase classname="backend.tests.test_hardening.TestRegression" name="test_sec001_blocks_admin_escalation" time="0.100" /><testcase classname="backend.tests.test_hardening.TestRegression" name="test_ai_chat_413_oversize" time="2.131" /><testcase classname="backend.tests.test_hardening.TestRegression" name="test_public_list_no_objectid" time="0.363" /></testsuite></testsuites>