<?xml version="1.0" encoding="utf-8"?><testsuites name="pytest tests"><testsuite name="pytest" errors="0" failures="0" skipped="1" tests="28" time="79.297" timestamp="2026-07-05T16:45:51.913713+00:00" hostname="agent-env-e07824f3-aa17-45a0-8353-b763530edfa6"><testcase classname="backend.tests.test_audit_fixes.TestSEC001CORS" name="test_untrusted_origin_not_reflected_by_fastapi" time="0.007" /><testcase classname="backend.tests.test_audit_fixes.TestSEC001CORS" name="test_trusted_prod_origin_allowed" time="0.002" /><testcase classname="backend.tests.test_audit_fixes.TestSEC001CORS" name="test_trusted_preview_origin_allowed" time="0.002" /><testcase classname="backend.tests.test_audit_fixes.TestSEC001CORS" name="test_arbitrary_preview_subdomain_no_longer_trusted" time="0.002" /><testcase classname="backend.tests.test_audit_fixes.TestSEC002MediaCapsCreate" name="test_too_many_photos_413" time="0.257" /><testcase classname="backend.tests.test_audit_fixes.TestSEC002MediaCapsCreate" name="test_photo_too_large_413" time="0.613" /><testcase classname="backend.tests.test_audit_fixes.TestSEC002MediaCapsCreate" name="test_too_many_videos_413" time="0.129" /><testcase classname="backend.tests.test_audit_fixes.TestSEC002MediaCapsCreate" name="test_video_too_large_413" time="0.308" /><testcase classname="backend.tests.test_audit_fixes.TestSEC002MediaCapsCreate" name="test_too_many_documents_413" time="0.100" /><testcase classname="backend.tests.test_audit_fixes.TestSEC002MediaCapsCreate" name="test_document_too_large_413" time="0.267"><skipped type="pytest.xfail" message="BUG: _validate_property_media uses len(doc) on a dict — checks key count, not size. Document oversize cap is not enforced." /></testcase><testcase classname="backend.tests.test_audit_fixes.TestSEC002MediaCapsUpdate" name="test_update_too_many_photos_413" time="0.261" /><testcase classname="backend.tests.test_audit_fixes.TestSEC002MediaCapsUpdate" name="test_update_video_too_large_413" time="0.301" /><testcase classname="backend.tests.test_audit_fixes.TestSEC002MediaCapsUpdate" name="test_update_document_too_many_413" time="0.096" /><testcase classname="backend.tests.test_audit_fixes.TestSEC002MediaCapsUpdate" name="test_update_valid_media_ok" time="0.105" /><testcase classname="backend.tests.test_audit_fixes.TestSEC003LegacyAuth" name="test_session_endpoint_returns_410" time="0.106" /><testcase classname="backend.tests.test_audit_fixes.TestSEC003LegacyAuth" name="test_google_endpoint_still_reachable" time="0.111" /><testcase classname="backend.tests.test_audit_fixes.TestSEC003LegacyAuth" name="test_auth_me_still_works" time="0.095" /><testcase classname="backend.tests.test_audit_fixes.TestReportRateLimit" name="test_report_rate_limit_kicks_in" time="5.037" /><testcase classname="backend.tests.test_audit_fixes.TestReportRateLimit" name="test_report_authenticated_rate_limit_per_user" time="66.158" /><testcase classname="backend.tests.test_audit_fixes.TestEmailVerifiedDefault" name="test_google_callback_rejects_unverified_email" time="0.000" /><testcase classname="backend.tests.test_audit_fixes.TestRegression" name="test_properties_list_has_x_total_count" time="0.381" /><testcase classname="backend.tests.test_audit_fixes.TestRegression" name="test_property_crud_flow" time="0.495" /><testcase classname="backend.tests.test_audit_fixes.TestRegression" name="test_admin_export_csv_formula_neutralized" time="0.129" /><testcase classname="backend.tests.test_audit_fixes.TestRegression" name="test_admin_export_xlsx_ok" time="0.139" /><testcase classname="backend.tests.test_audit_fixes.TestRegression" name="test_admin_moderation_still_works" time="0.102" /><testcase classname="backend.tests.test_audit_fixes.TestRegression" name="test_sec001_admin_escalation_still_blocked" time="0.109" /><testcase classname="backend.tests.test_audit_fixes.TestRegression" name="test_ai_chat_413_oversize" time="3.431" /><testcase classname="backend.tests.test_audit_fixes.TestRegression" name="test_favorites_endpoint" time="0.430" /></testsuite></testsuites>