<?xml version="1.0" encoding="utf-8"?><testsuites name="pytest tests"><testsuite name="pytest" errors="0" failures="0" skipped="0" tests="32" time="142.772" timestamp="2026-07-05T18:29:32.351582+00:00" hostname="agent-env-e07824f3-aa17-45a0-8353-b763530edfa6"><testcase classname="tests.test_audit_fixes.TestSEC001CORS" name="test_untrusted_origin_not_reflected_by_fastapi" time="0.003" /><testcase classname="tests.test_audit_fixes.TestSEC001CORS" name="test_trusted_prod_origin_allowed" time="0.002" /><testcase classname="tests.test_audit_fixes.TestSEC001CORS" name="test_trusted_preview_origin_allowed" time="0.002" /><testcase classname="tests.test_audit_fixes.TestSEC001CORS" name="test_arbitrary_preview_subdomain_no_longer_trusted" time="0.002" /><testcase classname="tests.test_audit_fixes.TestSEC002MediaCapsCreate" name="test_too_many_photos_413" time="0.181" /><testcase classname="tests.test_audit_fixes.TestSEC002MediaCapsCreate" name="test_photo_too_large_413" time="0.621" /><testcase classname="tests.test_audit_fixes.TestSEC002MediaCapsCreate" name="test_too_many_videos_413" time="0.103" /><testcase classname="tests.test_audit_fixes.TestSEC002MediaCapsCreate" name="test_video_too_large_413" time="0.278" /><testcase classname="tests.test_audit_fixes.TestSEC002MediaCapsCreate" name="test_too_many_documents_413" time="0.091" /><testcase classname="tests.test_audit_fixes.TestSEC002MediaCapsCreate" name="test_document_too_large_413" time="0.069" /><testcase classname="tests.test_audit_fixes.TestSEC002MediaCapsCreate" name="test_document_under_cap_ok" time="0.184" /><testcase classname="tests.test_audit_fixes.TestSEC002MediaCapsUpdate" name="test_update_too_many_photos_413" time="0.219" /><testcase classname="tests.test_audit_fixes.TestSEC002MediaCapsUpdate" name="test_update_video_too_large_413" time="0.246" /><testcase classname="tests.test_audit_fixes.TestSEC002MediaCapsUpdate" name="test_update_document_too_many_413" time="0.108" /><testcase classname="tests.test_audit_fixes.TestSEC002MediaCapsUpdate" name="test_update_document_too_large_413" time="0.053" /><testcase classname="tests.test_audit_fixes.TestSEC002MediaCapsUpdate" name="test_update_valid_media_ok" time="0.097" /><testcase classname="tests.test_audit_fixes.TestSEC003LegacyAuth" name="test_session_endpoint_returns_410" time="0.095" /><testcase classname="tests.test_audit_fixes.TestSEC003LegacyAuth" name="test_google_endpoint_still_reachable" time="0.087" /><testcase classname="tests.test_audit_fixes.TestSEC003LegacyAuth" name="test_auth_me_still_works" time="0.095" /><testcase classname="tests.test_audit_fixes.TestReportRateLimit" name="test_report_rate_limit_kicks_in_per_xff" time="3.126" /><testcase classname="tests.test_audit_fixes.TestReportRateLimit" name="test_report_rate_limit_fresh_budget_per_xff" time="2.023" /><testcase classname="tests.test_audit_fixes.TestReportRateLimit" name="test_report_client_ip_fallback_to_request_client_host" time="65.006" /><testcase classname="tests.test_audit_fixes.TestReportRateLimit" name="test_report_authenticated_rate_limit_per_user" time="66.192" /><testcase classname="tests.test_audit_fixes.TestEmailVerifiedDefault" name="test_google_callback_rejects_unverified_email" time="0.000" /><testcase classname="tests.test_audit_fixes.TestRegression" name="test_properties_list_has_x_total_count" time="0.335" /><testcase classname="tests.test_audit_fixes.TestRegression" name="test_property_crud_flow" time="0.494" /><testcase classname="tests.test_audit_fixes.TestRegression" name="test_admin_export_csv_formula_neutralized" time="0.124" /><testcase classname="tests.test_audit_fixes.TestRegression" name="test_admin_export_xlsx_ok" time="0.151" /><testcase classname="tests.test_audit_fixes.TestRegression" name="test_admin_moderation_still_works" time="0.115" /><testcase classname="tests.test_audit_fixes.TestRegression" name="test_sec001_admin_escalation_still_blocked" time="0.107" /><testcase classname="tests.test_audit_fixes.TestRegression" name="test_ai_chat_413_oversize" time="2.102" /><testcase classname="tests.test_audit_fixes.TestRegression" name="test_favorites_endpoint" time="0.391" /></testsuite></testsuites>