<?xml version="1.0" encoding="utf-8"?><testsuites name="pytest tests"><testsuite name="pytest" errors="0" failures="0" skipped="0" tests="22" time="7.666" timestamp="2026-07-03T13:57:32.126559+00:00" hostname="agent-env-e07824f3-aa17-45a0-8353-b763530edfa6"><testcase classname="backend.tests.test_hardening.TestReports" name="test_report_anonymous_ok" time="0.302" /><testcase classname="backend.tests.test_hardening.TestReports" name="test_report_authenticated_ok" time="0.093" /><testcase classname="backend.tests.test_hardening.TestReports" name="test_report_missing_reason_400" time="0.107" /><testcase classname="backend.tests.test_hardening.TestReports" name="test_report_bad_property_404" time="0.095" /><testcase classname="backend.tests.test_hardening.TestReports" name="test_admin_list_reports" time="0.099" /><testcase classname="backend.tests.test_hardening.TestReports" name="test_admin_list_reports_requires_admin" time="0.100" /><testcase classname="backend.tests.test_hardening.TestReports" name="test_admin_update_report_status" time="0.335" /><testcase classname="backend.tests.test_hardening.TestReports" name="test_admin_update_report_invalid_status" time="0.213" /><testcase classname="backend.tests.test_hardening.TestPagination" name="test_limit_and_total_header" time="0.269" /><testcase classname="backend.tests.test_hardening.TestPagination" name="test_expose_headers" time="0.105" /><testcase classname="backend.tests.test_hardening.TestPagination" name="test_pagination_skip" time="0.322" /><testcase classname="backend.tests.test_hardening.TestGzip" name="test_gzip_encoding_applied" time="0.259" /><testcase classname="backend.tests.test_hardening.TestGzip" name="test_gzip_reduces_size" time="0.260" /><testcase classname="backend.tests.test_hardening.TestSecurityHeaders" name="test_hsts" time="0.102" /><testcase classname="backend.tests.test_hardening.TestSecurityHeaders" name="test_x_content_type_options" time="0.000" /><testcase classname="backend.tests.test_hardening.TestSecurityHeaders" name="test_x_frame_options" time="0.000" /><testcase classname="backend.tests.test_hardening.TestSecurityHeaders" name="test_referrer_policy" time="0.000" /><testcase classname="backend.tests.test_hardening.TestSecurityHeaders" name="test_permissions_policy" time="0.000" /><testcase classname="backend.tests.test_hardening.TestRegression" name="test_admin_verify_property_whatsapp" time="0.148" /><testcase classname="backend.tests.test_hardening.TestRegression" name="test_sec001_blocks_admin_escalation" time="0.106" /><testcase classname="backend.tests.test_hardening.TestRegression" name="test_ai_chat_413_oversize" time="4.540" /><testcase classname="backend.tests.test_hardening.TestRegression" name="test_public_list_no_objectid" time="0.114" /></testsuite></testsuites>