<?xml version="1.0" encoding="utf-8"?><testsuites name="pytest tests"><testsuite name="pytest" errors="0" failures="0" skipped="0" tests="8" time="1.114" timestamp="2026-07-05T19:32:02.618087+00:00" hostname="agent-env-e07824f3-aa17-45a0-8353-b763530edfa6"><testcase classname="backend.tests.test_profile_editor.TestProfileEditor" name="test_full_valid_payload_ok" time="0.249" /><testcase classname="backend.tests.test_profile_editor.TestProfileEditor" name="test_empty_name_400" time="0.098" /><testcase classname="backend.tests.test_profile_editor.TestProfileEditor" name="test_name_over_80_chars_truncated" time="0.097" /><testcase classname="backend.tests.test_profile_editor.TestProfileEditor" name="test_picture_over_1mb_413" time="0.185" /><testcase classname="backend.tests.test_profile_editor.TestProfileEditor" name="test_bio_over_500_chars_truncated" time="0.099" /><testcase classname="backend.tests.test_profile_editor.TestProfileEditor" name="test_role_admin_rejected_422" time="0.094" /><testcase classname="backend.tests.test_profile_editor.TestProfileEditor" name="test_admin_cannot_self_demote" time="0.112" /><testcase classname="backend.tests.test_profile_editor.TestProfileEditor" name="test_unauthenticated_401" time="0.109" /></testsuite></testsuites>