<?xml version="1.0" encoding="utf-8"?><testsuites name="pytest tests"><testsuite name="pytest" errors="0" failures="0" skipped="0" tests="30" time="28.064" timestamp="2026-06-13T19:24:42.879950+00:00" hostname="agent-env-e07824f3-aa17-45a0-8353-b763530edfa6"><testcase classname="backend.tests.backend_test.TestHealth" name="test_root" time="0.209" /><testcase classname="backend.tests.backend_test.TestAuth" name="test_me_admin" time="0.107" /><testcase classname="backend.tests.backend_test.TestAuth" name="test_me_no_token" time="0.109" /><testcase classname="backend.tests.backend_test.TestAuth" name="test_me_bad_token" time="0.134" /><testcase classname="backend.tests.backend_test.TestAuth" name="test_update_profile" time="0.142" /><testcase classname="backend.tests.backend_test.TestAuth" name="test_non_admin_forbidden_on_admin" time="0.139" /><testcase classname="backend.tests.backend_test.TestProperties" name="test_list_default" time="0.118" /><testcase classname="backend.tests.backend_test.TestProperties" name="test_list_with_filters" time="0.136" /><testcase classname="backend.tests.backend_test.TestProperties" name="test_featured" time="0.097" /><testcase classname="backend.tests.backend_test.TestProperties" name="test_create_requires_auth" time="0.092" /><testcase classname="backend.tests.backend_test.TestProperties" name="test_create_property" time="0.102" /><testcase classname="backend.tests.backend_test.TestProperties" name="test_get_property_increments_views" time="0.204" /><testcase classname="backend.tests.backend_test.TestProperties" name="test_contact_increment" time="0.283" /><testcase classname="backend.tests.backend_test.TestProperties" name="test_update_owner_only" time="0.194" /><testcase classname="backend.tests.backend_test.TestProperties" name="test_delete_owner_only" time="0.287" /><testcase classname="backend.tests.backend_test.TestFavorites" name="test_requires_auth" time="0.096" /><testcase classname="backend.tests.backend_test.TestFavorites" name="test_add_list_remove" time="0.581" /><testcase classname="backend.tests.backend_test.TestMessages" name="test_send_and_list" time="0.320" /><testcase classname="backend.tests.backend_test.TestPayments" name="test_create" time="0.101" /><testcase classname="backend.tests.backend_test.TestPayments" name="test_mine" time="0.093" /><testcase classname="backend.tests.backend_test.TestFeedback" name="test_create_no_auth" time="0.106" /><testcase classname="backend.tests.backend_test.TestFeedback" name="test_create_with_auth" time="0.094" /><testcase classname="backend.tests.backend_test.TestAdmin" name="test_stats" time="0.096" /><testcase classname="backend.tests.backend_test.TestAdmin" name="test_users_list" time="0.098" /><testcase classname="backend.tests.backend_test.TestAdmin" name="test_update_user" time="0.208" /><testcase classname="backend.tests.backend_test.TestAdmin" name="test_verify_property" time="0.332" /><testcase classname="backend.tests.backend_test.TestAdmin" name="test_admin_payments_and_update" time="0.281" /><testcase classname="backend.tests.backend_test.TestAdmin" name="test_admin_feedback" time="0.092" /><testcase classname="backend.tests.backend_test.TestAI" name="test_chat" time="8.835" /><testcase classname="backend.tests.backend_test.TestAI" name="test_chat_continues_session" time="14.189" /></testsuite></testsuites>