<?xml version="1.0" encoding="utf-8"?><testsuites name="pytest tests"><testsuite name="pytest" errors="0" failures="0" skipped="0" tests="19" time="13.998" timestamp="2026-07-02T16:19:47.577592+00:00" hostname="agent-env-e07824f3-aa17-45a0-8353-b763530edfa6"><testcase classname="backend.tests.test_security_fixes.TestSEC001AdminEscalation" name="test_particulier_cannot_set_role_admin" time="0.436" /><testcase classname="backend.tests.test_security_fixes.TestSEC001AdminEscalation" name="test_particulier_can_set_non_admin_roles[particulier]" time="0.342" /><testcase classname="backend.tests.test_security_fixes.TestSEC001AdminEscalation" name="test_particulier_can_set_non_admin_roles[agence]" time="0.358" /><testcase classname="backend.tests.test_security_fixes.TestSEC001AdminEscalation" name="test_particulier_can_set_non_admin_roles[promoteur]" time="0.343" /><testcase classname="backend.tests.test_security_fixes.TestSEC001AdminEscalation" name="test_particulier_can_set_non_admin_roles[demarcheur]" time="0.345" /><testcase classname="backend.tests.test_security_fixes.TestSEC001AdminEscalation" name="test_admin_cannot_self_demote_via_profile" time="0.333" /><testcase classname="backend.tests.test_security_fixes.TestSEC003CORS" name="test_untrusted_origin_preflight_blocked_app_layer" time="0.003" /><testcase classname="backend.tests.test_security_fixes.TestSEC003CORS" name="test_trusted_origin_preflight_allowed_app_layer" time="0.002" /><testcase classname="backend.tests.test_security_fixes.TestSEC003CORS" name="test_edge_layer_still_wildcards" time="0.135" /><testcase classname="backend.tests.test_security_fixes.TestSEC004FormulaInjection" name="test_csv_export_neutralizes_formulas" time="0.366" /><testcase classname="backend.tests.test_security_fixes.TestSEC004FormulaInjection" name="test_xlsx_export_neutralizes_formulas" time="0.239" /><testcase classname="backend.tests.test_security_fixes.TestSEC005AIChat" name="test_rate_limit_triggers_429" time="5.190" /><testcase classname="backend.tests.test_security_fixes.TestSEC005AIChat" name="test_oversize_message_returns_413" time="2.194" /><testcase classname="backend.tests.test_security_fixes.TestSEC005AIChat" name="test_empty_message_returns_400" time="2.181" /><testcase classname="backend.tests.test_security_fixes.TestRegression" name="test_public_properties_list" time="0.391" /><testcase classname="backend.tests.test_security_fixes.TestRegression" name="test_admin_stats" time="0.187" /><testcase classname="backend.tests.test_security_fixes.TestRegression" name="test_admin_export_users_csv" time="0.162" /><testcase classname="backend.tests.test_security_fixes.TestRegression" name="test_admin_export_users_xlsx" time="0.207" /><testcase classname="backend.tests.test_security_fixes.TestRegression" name="test_admin_moderation_verify_flow" time="0.438" /></testsuite></testsuites>